<?xml version="1.0" encoding="UTF-8"?>
<!-- Generated by org.testng.reporters.JUnitReportReporter -->
<testsuite skipped="0" hostname="del1-lhp-n65342" name="TESTNG_TESTS.Test1" tests="3" failures="0" timestamp="13 Aug 2019 14:36:57 GMT" time="0.276" errors="0">
  <testcase name="test1" time="0.152" classname="TESTNG_TESTS.Test1"/>
  <testcase name="test2" time="0.072" classname="TESTNG_TESTS.Test1"/>
  <testcase name="test3" time="0.052" classname="TESTNG_TESTS.Test1"/>
</testsuite> <!-- TESTNG_TESTS.Test1 -->
