<?xml version="1.0" encoding="UTF-8"?>
<!-- Generated by org.testng.reporters.JUnitReportReporter -->
<testsuite skipped="0" hostname="del1-lhp-n65342" name="TESTNG_TESTS.Test2" tests="3" failures="0" timestamp="13 Aug 2019 14:36:57 GMT" time="5.829" errors="0">
  <testcase name="test4" time="0.574" classname="TESTNG_TESTS.Test2"/>
  <testcase name="test5" time="2.565" classname="TESTNG_TESTS.Test2"/>
  <testcase name="test5" time="2.690" classname="TESTNG_TESTS.Test2"/>
</testsuite> <!-- TESTNG_TESTS.Test2 -->
